_XSERVTransmkdir: Owner of /tmp/.X11-unix should be set to root

Xvnc TigerVNC 1.8.0 - built May 17 2017 20:53:25
Copyright (C) 1999-2017 TigerVNC Team and many others (see README.txt)
See http://www.tigervnc.org for information on TigerVNC.
Underlying X server release 11804000, The X.Org Foundation


Mon May 14 19:19:29 2018
 vncext:      VNC extension running!
 vncext:      Listening for VNC connections on all interface(s), port 5901
 vncext:      created VNC server for screen 0

Mon May 14 19:19:30 2018
 ComparingUpdateTracker: 0 pixels in / 0 pixels out
 ComparingUpdateTracker: (1:-nan ratio)

Mon May 14 19:19:32 2018
 ComparingUpdateTracker: 0 pixels in / 0 pixels out
 ComparingUpdateTracker: (1:-nan ratio)

Mon May 14 19:19:35 2018
 Connections: accepted: 127.0.0.1::54042
 SConnection: Client needs protocol version 3.8
 SConnection: Client requests security type VncAuth(2)
 VNCSConnST:  Server default pixel format depth 24 (32bpp) little-endian rgb888
 VNCSConnST:  Client pixel format depth 24 (32bpp) little-endian rgb888

Mon May 14 19:19:36 2018
 ComparingUpdateTracker: 0 pixels in / 0 pixels out
 ComparingUpdateTracker: (1:-nan ratio)
